1713478321.576373 client started (22249): version 3.3a, socket /tmp/tmux-1000/default, protocol 8
1713478321.576391 on Linux 5.15.133.1-microsoft-standard-WSL2 #1 SMP Thu Oct 5 21:02:42 UTC 2023
1713478321.576394 using libevent 2.1.12-stable (poll); ncurses 6.3
1713478321.576402 flags are 0x10010000
1713478321.576404 socket is /tmp/tmux-1000/default
1713478321.576411 trying connect
1713478321.576466 add peer 0x560d06eb61f0: 6 ((nil))
1713478321.576618 sending message 100 to peer 0x560d06eb61f0 (4 bytes)
1713478321.576621 sending message 111 to peer 0x560d06eb61f0 (8 bytes)
1713478321.576623 sending message 101 to peer 0x560d06eb61f0 (14 bytes)
1713478321.576625 sending message 109 to peer 0x560d06eb61f0 (4 bytes)
1713478321.576627 sending message 102 to peer 0x560d06eb61f0 (11 bytes)
1713478321.576629 sending message 108 to peer 0x560d06eb61f0 (54 bytes)
1713478321.576631 sending message 112 to peer 0x560d06eb61f0 (70 bytes)
1713478321.576633 sending message 112 to peer 0x560d06eb61f0 (5 bytes)
1713478321.576635 sending message 112 to peer 0x560d06eb61f0 (5 bytes)
1713478321.576637 sending message 112 to peer 0x560d06eb61f0 (6 bytes)
1713478321.576639 sending message 112 to peer 0x560d06eb61f0 (6 bytes)
1713478321.576641 sending message 112 to peer 0x560d06eb61f0 (11 bytes)
1713478321.576643 sending message 112 to peer 0x560d06eb61f0 (10 bytes)
1713478321.576645 sending message 112 to peer 0x560d06eb61f0 (13 bytes)
1713478321.576647 sending message 112 to peer 0x560d06eb61f0 (13 bytes)
1713478321.576649 sending message 112 to peer 0x560d06eb61f0 (18 bytes)
1713478321.576651 sending message 112 to peer 0x560d06eb61f0 (11 bytes)
1713478321.576653 sending message 112 to peer 0x560d06eb61f0 (10 bytes)
1713478321.576655 sending message 112 to peer 0x560d06eb61f0 (15 bytes)
1713478321.576657 sending message 112 to peer 0x560d06eb61f0 (21 bytes)
1713478321.576659 sending message 112 to peer 0x560d06eb61f0 (13 bytes)
1713478321.576661 sending message 112 to peer 0x560d06eb61f0 (7 bytes)
1713478321.576663 sending message 112 to peer 0x560d06eb61f0 (13 bytes)
1713478321.576665 sending message 112 to peer 0x560d06eb61f0 (7 bytes)
1713478321.576666 sending message 112 to peer 0x560d06eb61f0 (13 bytes)
1713478321.576668 sending message 112 to peer 0x560d06eb61f0 (9 bytes)
1713478321.576670 sending message 112 to peer 0x560d06eb61f0 (21 bytes)
1713478321.576672 sending message 112 to peer 0x560d06eb61f0 (13 bytes)
1713478321.576674 sending message 112 to peer 0x560d06eb61f0 (8 bytes)
1713478321.576676 sending message 112 to peer 0x560d06eb61f0 (12 bytes)
1713478321.576678 sending message 112 to peer 0x560d06eb61f0 (13 bytes)
1713478321.576680 sending message 112 to peer 0x560d06eb61f0 (9 bytes)
1713478321.576682 sending message 112 to peer 0x560d06eb61f0 (9 bytes)
1713478321.576683 sending message 112 to peer 0x560d06eb61f0 (12 bytes)
1713478321.576685 sending message 112 to peer 0x560d06eb61f0 (8 bytes)
1713478321.576687 sending message 112 to peer 0x560d06eb61f0 (8 bytes)
1713478321.576689 sending message 112 to peer 0x560d06eb61f0 (7 bytes)
1713478321.576691 sending message 112 to peer 0x560d06eb61f0 (7 bytes)
1713478321.576693 sending message 112 to peer 0x560d06eb61f0 (9 bytes)
1713478321.576695 sending message 112 to peer 0x560d06eb61f0 (13 bytes)
1713478321.576697 sending message 112 to peer 0x560d06eb61f0 (6 bytes)
1713478321.576699 sending message 112 to peer 0x560d06eb61f0 (9 bytes)
1713478321.576701 sending message 112 to peer 0x560d06eb61f0 (15 bytes)
1713478321.576703 sending message 112 to peer 0x560d06eb61f0 (13 bytes)
1713478321.576705 sending message 112 to peer 0x560d06eb61f0 (12 bytes)
1713478321.576706 sending message 112 to peer 0x560d06eb61f0 (8 bytes)
1713478321.576708 sending message 112 to peer 0x560d06eb61f0 (14 bytes)
1713478321.576710 sending message 112 to peer 0x560d06eb61f0 (11 bytes)
1713478321.576712 sending message 112 to peer 0x560d06eb61f0 (9 bytes)
1713478321.576714 sending message 112 to peer 0x560d06eb61f0 (10 bytes)
1713478321.576716 sending message 112 to peer 0x560d06eb61f0 (10 bytes)
1713478321.576718 sending message 112 to peer 0x560d06eb61f0 (10 bytes)
1713478321.576723 sending message 112 to peer 0x560d06eb61f0 (10 bytes)
1713478321.576725 sending message 112 to peer 0x560d06eb61f0 (11 bytes)
1713478321.576727 sending message 112 to peer 0x560d06eb61f0 (12 bytes)
1713478321.576729 sending message 112 to peer 0x560d06eb61f0 (12 bytes)
1713478321.576731 sending message 112 to peer 0x560d06eb61f0 (12 bytes)
1713478321.576733 sending message 112 to peer 0x560d06eb61f0 (12 bytes)
1713478321.576734 sending message 112 to peer 0x560d06eb61f0 (12 bytes)
1713478321.576736 sending message 112 to peer 0x560d06eb61f0 (11 bytes)
1713478321.576738 sending message 112 to peer 0x560d06eb61f0 (11 bytes)
1713478321.576740 sending message 112 to peer 0x560d06eb61f0 (12 bytes)
1713478321.576742 sending message 112 to peer 0x560d06eb61f0 (12 bytes)
1713478321.576744 sending message 112 to peer 0x560d06eb61f0 (12 bytes)
1713478321.576746 sending message 112 to peer 0x560d06eb61f0 (12 bytes)
1713478321.576747 sending message 112 to peer 0x560d06eb61f0 (12 bytes)
1713478321.576749 sending message 112 to peer 0x560d06eb61f0 (10 bytes)
1713478321.576751 sending message 112 to peer 0x560d06eb61f0 (12 bytes)
1713478321.576753 sending message 112 to peer 0x560d06eb61f0 (13 bytes)
1713478321.576755 sending message 112 to peer 0x560d06eb61f0 (13 bytes)
1713478321.576757 sending message 112 to peer 0x560d06eb61f0 (13 bytes)
1713478321.576759 sending message 112 to peer 0x560d06eb61f0 (13 bytes)
1713478321.576761 sending message 112 to peer 0x560d06eb61f0 (13 bytes)
1713478321.576763 sending message 112 to peer 0x560d06eb61f0 (8 bytes)
1713478321.576764 sending message 112 to peer 0x560d06eb61f0 (11 bytes)
1713478321.576766 sending message 112 to peer 0x560d06eb61f0 (11 bytes)
1713478321.576768 sending message 112 to peer 0x560d06eb61f0 (11 bytes)
1713478321.576770 sending message 112 to peer 0x560d06eb61f0 (12 bytes)
1713478321.576772 sending message 112 to peer 0x560d06eb61f0 (12 bytes)
1713478321.576774 sending message 112 to peer 0x560d06eb61f0 (12 bytes)
1713478321.576776 sending message 112 to peer 0x560d06eb61f0 (12 bytes)
1713478321.576778 sending message 112 to peer 0x560d06eb61f0 (13 bytes)
1713478321.576779 sending message 112 to peer 0x560d06eb61f0 (13 bytes)
1713478321.576781 sending message 112 to peer 0x560d06eb61f0 (13 bytes)
1713478321.576783 sending message 112 to peer 0x560d06eb61f0 (8 bytes)
1713478321.576785 sending message 112 to peer 0x560d06eb61f0 (13 bytes)
1713478321.576787 sending message 112 to peer 0x560d06eb61f0 (13 bytes)
1713478321.576789 sending message 112 to peer 0x560d06eb61f0 (13 bytes)
1713478321.576791 sending message 112 to peer 0x560d06eb61f0 (13 bytes)
1713478321.576793 sending message 112 to peer 0x560d06eb61f0 (13 bytes)
1713478321.576794 sending message 112 to peer 0x560d06eb61f0 (12 bytes)
1713478321.576796 sending message 112 to peer 0x560d06eb61f0 (12 bytes)
1713478321.576798 sending message 112 to peer 0x560d06eb61f0 (12 bytes)
1713478321.576800 sending message 112 to peer 0x560d06eb61f0 (12 bytes)
1713478321.576802 sending message 112 to peer 0x560d06eb61f0 (13 bytes)
1713478321.576804 sending message 112 to peer 0x560d06eb61f0 (8 bytes)
1713478321.576806 sending message 112 to peer 0x560d06eb61f0 (13 bytes)
1713478321.576808 sending message 112 to peer 0x560d06eb61f0 (13 bytes)
1713478321.576809 sending message 112 to peer 0x560d06eb61f0 (13 bytes)
1713478321.576811 sending message 112 to peer 0x560d06eb61f0 (13 bytes)
1713478321.576813 sending message 112 to peer 0x560d06eb61f0 (13 bytes)
1713478321.576815 sending message 112 to peer 0x560d06eb61f0 (13 bytes)
1713478321.576817 sending message 112 to peer 0x560d06eb61f0 (13 bytes)
1713478321.576819 sending message 112 to peer 0x560d06eb61f0 (12 bytes)
1713478321.576821 sending message 112 to peer 0x560d06eb61f0 (12 bytes)
1713478321.576822 sending message 112 to peer 0x560d06eb61f0 (12 bytes)
1713478321.576824 sending message 112 to peer 0x560d06eb61f0 (8 bytes)
1713478321.576826 sending message 112 to peer 0x560d06eb61f0 (12 bytes)
1713478321.576828 sending message 112 to peer 0x560d06eb61f0 (13 bytes)
1713478321.576832 sending message 112 to peer 0x560d06eb61f0 (13 bytes)
1713478321.576834 sending message 112 to peer 0x560d06eb61f0 (13 bytes)
1713478321.576836 sending message 112 to peer 0x560d06eb61f0 (13 bytes)
1713478321.576838 sending message 112 to peer 0x560d06eb61f0 (13 bytes)
1713478321.576839 sending message 112 to peer 0x560d06eb61f0 (13 bytes)
1713478321.576841 sending message 112 to peer 0x560d06eb61f0 (13 bytes)
1713478321.576843 sending message 112 to peer 0x560d06eb61f0 (13 bytes)
1713478321.576845 sending message 112 to peer 0x560d06eb61f0 (12 bytes)
1713478321.576847 sending message 112 to peer 0x560d06eb61f0 (10 bytes)
1713478321.576849 sending message 112 to peer 0x560d06eb61f0 (12 bytes)
1713478321.576851 sending message 112 to peer 0x560d06eb61f0 (12 bytes)
1713478321.576853 sending message 112 to peer 0x560d06eb61f0 (12 bytes)
1713478321.576855 sending message 112 to peer 0x560d06eb61f0 (13 bytes)
1713478321.576856 sending message 112 to peer 0x560d06eb61f0 (13 bytes)
1713478321.576858 sending message 112 to peer 0x560d06eb61f0 (13 bytes)
1713478321.576860 sending message 112 to peer 0x560d06eb61f0 (13 bytes)
1713478321.576862 sending message 112 to peer 0x560d06eb61f0 (13 bytes)
1713478321.576864 sending message 112 to peer 0x560d06eb61f0 (13 bytes)
1713478321.576866 sending message 112 to peer 0x560d06eb61f0 (13 bytes)
1713478321.576868 sending message 112 to peer 0x560d06eb61f0 (10 bytes)
1713478321.576870 sending message 112 to peer 0x560d06eb61f0 (13 bytes)
1713478321.576872 sending message 112 to peer 0x560d06eb61f0 (12 bytes)
1713478321.576873 sending message 112 to peer 0x560d06eb61f0 (12 bytes)
1713478321.576875 sending message 112 to peer 0x560d06eb61f0 (12 bytes)
1713478321.576877 sending message 112 to peer 0x560d06eb61f0 (10 bytes)
1713478321.576879 sending message 112 to peer 0x560d06eb61f0 (10 bytes)
1713478321.576881 sending message 112 to peer 0x560d06eb61f0 (10 bytes)
1713478321.576883 sending message 112 to peer 0x560d06eb61f0 (12 bytes)
1713478321.576885 sending message 112 to peer 0x560d06eb61f0 (13 bytes)
1713478321.576887 sending message 112 to peer 0x560d06eb61f0 (13 bytes)
1713478321.576888 sending message 112 to peer 0x560d06eb61f0 (13 bytes)
1713478321.576890 sending message 112 to peer 0x560d06eb61f0 (13 bytes)
1713478321.576892 sending message 112 to peer 0x560d06eb61f0 (13 bytes)
1713478321.576894 sending message 112 to peer 0x560d06eb61f0 (11 bytes)
1713478321.576896 sending message 112 to peer 0x560d06eb61f0 (11 bytes)
1713478321.576898 sending message 112 to peer 0x560d06eb61f0 (12 bytes)
1713478321.576900 sending message 112 to peer 0x560d06eb61f0 (12 bytes)
1713478321.576901 sending message 112 to peer 0x560d06eb61f0 (12 bytes)
1713478321.576903 sending message 112 to peer 0x560d06eb61f0 (12 bytes)
1713478321.576905 sending message 112 to peer 0x560d06eb61f0 (12 bytes)
1713478321.576907 sending message 112 to peer 0x560d06eb61f0 (11 bytes)
1713478321.576909 sending message 112 to peer 0x560d06eb61f0 (12 bytes)
1713478321.576911 sending message 112 to peer 0x560d06eb61f0 (12 bytes)
1713478321.576913 sending message 112 to peer 0x560d06eb61f0 (13 bytes)
1713478321.576915 sending message 112 to peer 0x560d06eb61f0 (13 bytes)
1713478321.576916 sending message 112 to peer 0x560d06eb61f0 (13 bytes)
1713478321.576918 sending message 112 to peer 0x560d06eb61f0 (13 bytes)
1713478321.576920 sending message 112 to peer 0x560d06eb61f0 (13 bytes)
1713478321.576922 sending message 112 to peer 0x560d06eb61f0 (10 bytes)
1713478321.576924 sending message 112 to peer 0x560d06eb61f0 (9 bytes)
1713478321.576926 sending message 112 to peer 0x560d06eb61f0 (12 bytes)
1713478321.576928 sending message 112 to peer 0x560d06eb61f0 (13 bytes)
1713478321.576929 sending message 112 to peer 0x560d06eb61f0 (13 bytes)
1713478321.576931 sending message 112 to peer 0x560d06eb61f0 (13 bytes)
1713478321.576933 sending message 112 to peer 0x560d06eb61f0 (13 bytes)
1713478321.576935 sending message 112 to peer 0x560d06eb61f0 (13 bytes)
1713478321.576939 sending message 112 to peer 0x560d06eb61f0 (9 bytes)
1713478321.576940 sending message 112 to peer 0x560d06eb61f0 (12 bytes)
1713478321.576942 sending message 112 to peer 0x560d06eb61f0 (13 bytes)
1713478321.576944 sending message 112 to peer 0x560d06eb61f0 (13 bytes)
1713478321.576946 sending message 112 to peer 0x560d06eb61f0 (13 bytes)
1713478321.576948 sending message 112 to peer 0x560d06eb61f0 (13 bytes)
1713478321.576950 sending message 112 to peer 0x560d06eb61f0 (13 bytes)
1713478321.576952 sending message 112 to peer 0x560d06eb61f0 (11 bytes)
1713478321.576954 sending message 112 to peer 0x560d06eb61f0 (12 bytes)
1713478321.576955 sending message 112 to peer 0x560d06eb61f0 (13 bytes)
1713478321.576957 sending message 112 to peer 0x560d06eb61f0 (13 bytes)
1713478321.576959 sending message 112 to peer 0x560d06eb61f0 (13 bytes)
1713478321.576961 sending message 112 to peer 0x560d06eb61f0 (13 bytes)
1713478321.576963 sending message 112 to peer 0x560d06eb61f0 (13 bytes)
1713478321.576965 sending message 112 to peer 0x560d06eb61f0 (11 bytes)
1713478321.576967 sending message 112 to peer 0x560d06eb61f0 (12 bytes)
1713478321.576968 sending message 112 to peer 0x560d06eb61f0 (12 bytes)
1713478321.576971 sending message 112 to peer 0x560d06eb61f0 (12 bytes)
1713478321.576972 sending message 112 to peer 0x560d06eb61f0 (12 bytes)
1713478321.576974 sending message 112 to peer 0x560d06eb61f0 (12 bytes)
1713478321.576976 sending message 112 to peer 0x560d06eb61f0 (21 bytes)
1713478321.576978 sending message 112 to peer 0x560d06eb61f0 (12 bytes)
1713478321.576980 sending message 112 to peer 0x560d06eb61f0 (9 bytes)
1713478321.576982 sending message 112 to peer 0x560d06eb61f0 (6 bytes)
1713478321.576984 sending message 112 to peer 0x560d06eb61f0 (13 bytes)
1713478321.576986 sending message 112 to peer 0x560d06eb61f0 (8 bytes)
1713478321.576988 sending message 112 to peer 0x560d06eb61f0 (15 bytes)
1713478321.576990 sending message 112 to peer 0x560d06eb61f0 (13 bytes)
1713478321.576992 sending message 112 to peer 0x560d06eb61f0 (9 bytes)
1713478321.576994 sending message 112 to peer 0x560d06eb61f0 (70 bytes)
1713478321.576996 sending message 112 to peer 0x560d06eb61f0 (69 bytes)
1713478321.576997 sending message 112 to peer 0x560d06eb61f0 (10 bytes)
1713478321.576999 sending message 112 to peer 0x560d06eb61f0 (10 bytes)
1713478321.577001 sending message 112 to peer 0x560d06eb61f0 (8 bytes)
1713478321.577003 sending message 112 to peer 0x560d06eb61f0 (15 bytes)
1713478321.577005 sending message 112 to peer 0x560d06eb61f0 (13 bytes)
1713478321.577007 sending message 112 to peer 0x560d06eb61f0 (10 bytes)
1713478321.577008 sending message 112 to peer 0x560d06eb61f0 (10 bytes)
1713478321.577010 sending message 112 to peer 0x560d06eb61f0 (17 bytes)
1713478321.577012 sending message 112 to peer 0x560d06eb61f0 (10 bytes)
1713478321.577014 sending message 112 to peer 0x560d06eb61f0 (13 bytes)
1713478321.577017 sending message 112 to peer 0x560d06eb61f0 (9 bytes)
1713478321.577018 sending message 112 to peer 0x560d06eb61f0 (5 bytes)
1713478321.577020 sending message 112 to peer 0x560d06eb61f0 (15 bytes)
1713478321.577023 sending message 104 to peer 0x560d06eb61f0 (0 bytes)
1713478321.577025 sending message 110 to peer 0x560d06eb61f0 (0 bytes)
1713478321.577027 sending message 107 to peer 0x560d06eb61f0 (4 bytes)
1713478321.577028 sending message 105 to peer 0x560d06eb61f0 (16 bytes)
1713478321.577030 sending message 105 to peer 0x560d06eb61f0 (24 bytes)
1713478321.577032 sending message 105 to peer 0x560d06eb61f0 (26 bytes)
1713478321.577034 sending message 105 to peer 0x560d06eb61f0 (23 bytes)
1713478321.577036 sending message 105 to peer 0x560d06eb61f0 (33 bytes)
1713478321.577038 sending message 105 to peer 0x560d06eb61f0 (48 bytes)
1713478321.577039 sending message 105 to peer 0x560d06eb61f0 (52 bytes)
1713478321.577041 sending message 105 to peer 0x560d06eb61f0 (11 bytes)
1713478321.577043 sending message 105 to peer 0x560d06eb61f0 (58 bytes)
1713478321.577045 sending message 105 to peer 0x560d06eb61f0 (14 bytes)
1713478321.577048 sending message 105 to peer 0x560d06eb61f0 (17 bytes)
1713478321.577051 sending message 105 to peer 0x560d06eb61f0 (17 bytes)
1713478321.577052 sending message 105 to peer 0x560d06eb61f0 (32 bytes)
1713478321.577054 sending message 105 to peer 0x560d06eb61f0 (1764 bytes)
1713478321.577064 sending message 105 to peer 0x560d06eb61f0 (26 bytes)
1713478321.577066 sending message 105 to peer 0x560d06eb61f0 (21 bytes)
1713478321.577068 sending message 105 to peer 0x560d06eb61f0 (19 bytes)
1713478321.577070 sending message 105 to peer 0x560d06eb61f0 (11 bytes)
1713478321.577071 sending message 105 to peer 0x560d06eb61f0 (14 bytes)
1713478321.577073 sending message 105 to peer 0x560d06eb61f0 (11 bytes)
1713478321.577075 sending message 105 to peer 0x560d06eb61f0 (8 bytes)
1713478321.577077 sending message 105 to peer 0x560d06eb61f0 (38 bytes)
1713478321.577079 sending message 105 to peer 0x560d06eb61f0 (33 bytes)
1713478321.577081 sending message 105 to peer 0x560d06eb61f0 (999 bytes)
1713478321.577083 sending message 105 to peer 0x560d06eb61f0 (16 bytes)
1713478321.577085 sending message 105 to peer 0x560d06eb61f0 (29 bytes)
1713478321.577087 sending message 105 to peer 0x560d06eb61f0 (53 bytes)
1713478321.577089 sending message 105 to peer 0x560d06eb61f0 (20 bytes)
1713478321.577090 sending message 105 to peer 0x560d06eb61f0 (22 bytes)
1713478321.577092 sending message 105 to peer 0x560d06eb61f0 (18 bytes)
1713478321.577094 sending message 105 to peer 0x560d06eb61f0 (16 bytes)
1713478321.577096 sending message 105 to peer 0x560d06eb61f0 (52 bytes)
1713478321.577098 sending message 106 to peer 0x560d06eb61f0 (0 bytes)
1713478321.577149 sending message 200 to peer 0x560d06eb61f0 (4 bytes)
1713478321.577154 client loop enter
1713478321.577496 peer 0x560d06eb61f0 message 303
1713478321.577514 open write file 2 -
1713478321.577520 sending message 305 to peer 0x560d06eb61f0 (8 bytes)
1713478321.577525 write check file 2
1713478321.577630 peer 0x560d06eb61f0 message 304
1713478321.577635 write 58 to file 2
1713478321.577638 peer 0x560d06eb61f0 message 203
1713478321.577640 file 2 58 bytes left
1713478321.577664 write check file 2
1713478321.577669 client loop exit
